2017-12-29 14:12:10,372 - __main__ - INFO - Start reading database
2017-12-29 14:12:10,373 - __main__ - DEBUG - Records: {'john': 55, 'tom': 66}
2017-12-29 14:12:10,373 - __main__ - WARNING - Updating records ...
2017-12-29 14:12:10,374 - __main__ - INFO - Finish updating records
2017-12-29 14:12:15,270 - __main__ - INFO - Start reading database
2017-12-29 14:12:15,271 - __main__ - DEBUG - Records: {'john': 55, 'tom': 66}
2017-12-29 14:12:15,271 - __main__ - WARNING - Updating records ...
2017-12-29 14:12:15,272 - __main__ - INFO - Finish updating records
2017-12-29 14:12:35,928 - __main__ - INFO - Start reading database
2017-12-29 14:12:35,929 - __main__ - DEBUG - Records: {'john': 55, 'tom': 66}
2017-12-29 14:12:35,929 - __main__ - WARNING - Updating records ...
2017-12-29 14:12:35,930 - __main__ - INFO - Finish updating records
2017-12-29 14:14:01,822 - __main__ - INFO - Start reading database
2017-12-29 14:14:01,823 - __main__ - DEBUG - Records: {'john': 55, 'tom': 66}
2017-12-29 14:14:01,823 - __main__ - WARNING - Updating records ...
2017-12-29 14:14:01,824 - __main__ - INFO - Finish updating records
2017-12-29 14:14:21,176 - __main__ - INFO - Start reading database
2017-12-29 14:14:21,177 - __main__ - DEBUG - Records: {'john': 55, 'tom': 66}
2017-12-29 14:14:21,177 - __main__ - WARNING - Updating records ...
2017-12-29 14:14:21,178 - __main__ - INFO - Finish updating records
2017-12-29 14:23:36,677 - __main__ - INFO - Start reading database
2017-12-29 14:23:36,678 - __main__ - DEBUG - Records: {'john': 55, 'tom': 66}
2017-12-29 14:23:36,678 - __main__ - WARNING - Updating records ...
2017-12-29 14:23:36,679 - __main__ - INFO - Finish updating records
2017-12-29 14:24:10,257 - __main__ - INFO - Start reading database
2017-12-29 14:24:10,257 - __main__ - DEBUG - Records: {'john': 55, 'tom': 66}
2017-12-29 14:24:10,257 - __main__ - WARNING - Updating records ...
2017-12-29 14:24:10,258 - __main__ - INFO - Finish updating records
2017-12-29 14:24:29,598 - __main__ - INFO - Start reading database
2017-12-29 14:24:29,598 - __main__ - DEBUG - Records: {'john': 55, 'tom': 66}
2017-12-29 14:24:29,598 - __main__ - WARNING - Updating records ...
2017-12-29 14:24:29,599 - __main__ - INFO - Finish updating records
2017-12-29 14:24:39,645 - __main__ - INFO - Start reading database
2017-12-29 14:24:39,645 - __main__ - DEBUG - Records: {'john': 55, 'tom': 66}
2017-12-29 14:24:39,645 - __main__ - WARNING - Updating records ...
2017-12-29 14:24:39,646 - __main__ - INFO - Finish updating records
2017-12-29 14:24:55,097 - __main__ - INFO - Start reading database
2017-12-29 14:24:55,098 - __main__ - DEBUG - Records: {'john': 55, 'tom': 66}
2017-12-29 14:24:55,098 - __main__ - WARNING - Updating records ...
2017-12-29 14:24:55,098 - __main__ - INFO - Finish updating records
2017-12-29 14:26:25,928 - __main__ - INFO - Start reading database
2017-12-29 14:26:25,929 - __main__ - DEBUG - Records: {'john': 55, 'tom': 66}
2017-12-29 14:26:25,929 - __main__ - WARNING - Updating records ...
2017-12-29 14:26:25,930 - __main__ - INFO - Finish updating records
2017-12-29 14:26:54,087 - __main__ - INFO - Start reading database
2017-12-29 14:26:54,087 - __main__ - DEBUG - Records: {'john': 55, 'tom': 66}
2017-12-29 14:26:54,088 - __main__ - WARNING - Updating records ...
2017-12-29 14:26:54,088 - __main__ - ERROR - Finish updating records
2017-12-29 14:27:08,869 - __main__ - INFO - Start reading database
2017-12-29 14:27:08,870 - __main__ - DEBUG - Records: {'john': 55, 'tom': 66}
2017-12-29 14:27:08,870 - __main__ - WARNING - Updating records ...
2017-12-29 14:27:08,870 - __main__ - ERROR - Finish updating records
2017-12-29 14:27:18,688 - __main__ - INFO - Start reading database
2017-12-29 14:27:18,689 - __main__ - DEBUG - Records: {'john': 55, 'tom': 66}
2017-12-29 14:27:18,689 - __main__ - WARNING - Updating records ...
2017-12-29 14:27:18,689 - __main__ - ERROR - Finish updating records
2017-12-29 14:27:57,278 - __main__ - INFO - Start reading database
2017-12-29 14:27:57,278 - __main__ - DEBUG - Records: {'john': 55, 'tom': 66}
2017-12-29 14:27:57,279 - __main__ - WARNING - Updating records ...
2017-12-29 14:27:57,279 - __main__ - ERROR - Finish updating records
2017-12-29 14:30:15,847 - __main__ - INFO - Start reading database
2017-12-29 14:30:15,848 - __main__ - WARNING - Updating records ...
2017-12-29 14:30:15,849 - __main__ - ERROR - Finish updating records
2017-12-29 14:30:15,849 - __main__ - DEBUG - Records: 
2017-12-29 14:30:58,500 - __main__ - INFO - Start reading database
2017-12-29 14:30:58,500 - __main__ - WARNING - Updating records ...
2017-12-29 14:30:58,500 - __main__ - ERROR - Finish updating records
2017-12-29 14:30:58,501 - __main__ - DEBUG - Records: 
2017-12-29 14:31:16,038 - __main__ - INFO - Start reading database
2017-12-29 14:31:16,039 - __main__ - WARNING - Updating records ...
2017-12-29 14:31:16,039 - __main__ - ERROR - Finish updating records
2017-12-29 14:31:16,040 - __main__ - DEBUG - Records: 
2017-12-29 14:32:03,185 - __main__ - INFO - Start reading database
2017-12-29 14:32:03,186 - __main__ - WARNING - Updating records ...
2017-12-29 14:32:03,186 - __main__ - ERROR - Finish updating records
2017-12-29 14:32:03,187 - __main__ - DEBUG - Records: 
2017-12-29 14:35:49,397 - __main__ - INFO - Start reading database
2017-12-29 14:35:49,397 - __main__ - WARNING - Updating records ...
2017-12-29 14:35:49,397 - __main__ - ERROR - Finish updating records
2017-12-29 14:35:49,398 - __main__ - DEBUG - Records: 
2017-12-29 14:36:08,206 - __main__ - INFO - Start reading database
2017-12-29 14:36:08,206 - __main__ - WARNING - Updating records ...
2017-12-29 14:36:08,206 - __main__ - ERROR - Finish updating records
2017-12-29 14:36:08,207 - __main__ - DEBUG - Records: 
2017-12-29 14:38:15,290 - __main__ - INFO - Start reading database
2017-12-29 14:38:15,290 - __main__ - WARNING - Updating records ...
2017-12-29 14:38:15,290 - __main__ - ERROR - Finish updating records
2017-12-29 14:38:15,291 - __main__ - DEBUG - Records: 
2017-12-29 14:38:21,217 - __main__ - INFO - Start reading database
2017-12-29 14:38:21,218 - __main__ - WARNING - Updating records ...
2017-12-29 14:38:21,218 - __main__ - ERROR - Finish updating records
2017-12-29 14:38:21,219 - __main__ - DEBUG - Records: 
2017-12-29 14:38:28,803 - __main__ - INFO - Start reading database
2017-12-29 14:38:28,804 - __main__ - WARNING - Updating records ...
2017-12-29 14:38:28,804 - __main__ - ERROR - Finish updating records
2017-12-29 14:38:28,805 - __main__ - DEBUG - Records: 
2017-12-29 14:38:53,130 - __main__ - INFO - Start reading database
2017-12-29 14:38:53,131 - __main__ - WARNING - Updating records ...
2017-12-29 14:38:53,131 - __main__ - ERROR - Finish updating records
2017-12-29 14:38:53,131 - __main__ - DEBUG - Records: 
2017-12-29 14:51:07,994 - __main__ - INFO - Start reading database
2017-12-29 14:51:07,995 - __main__ - WARNING - Updating records ...
2017-12-29 14:51:07,995 - __main__ - ERROR - Finish updating records
2017-12-29 14:51:07,996 - __main__ - DEBUG - Records: 
2017-12-29 14:52:18,555 - __main__ - INFO - Start reading database
2017-12-29 14:52:18,556 - __main__ - WARNING - Updating records ...
2017-12-29 14:52:18,556 - __main__ - ERROR - Finish updating records
2017-12-29 14:52:18,556 - __main__ - DEBUG - Records: 
2017-12-29 15:31:36,295 - __main__ - WARNING - VERBOSE
2017-12-29 15:33:40,690 - __main__ - WARNING - WARNING
2017-12-29 15:33:40,690 - __main__ - WARNING - VERBOSE
2017-12-29 15:33:40,690 - __main__ - INFO - info
2017-12-29 15:33:40,690 - __main__ - INFO - INFO ...
2017-12-29 15:33:40,690 - __main__ - ERROR - error
2017-12-29 15:33:40,690 - __main__ - ERROR - EEEEEE
2017-12-29 15:33:40,690 - __main__ - DEBUG - DEBUG
2017-12-29 15:33:40,690 - __main__ - DEBUG - DEBUG 
2017-12-29 15:34:27,417 - __main__ - WARNING - WARNING
2017-12-29 15:34:27,417 - __main__ - WARNING - my info = WARNING
2017-12-29 15:34:27,417 - __main__ - INFO - info
2017-12-29 15:34:27,417 - __main__ - INFO - my verbose = INFO ...
2017-12-29 15:34:27,417 - __main__ - ERROR - error
2017-12-29 15:34:27,417 - __main__ - ERROR - my error = EEEEEE
2017-12-29 15:34:27,417 - __main__ - DEBUG - DEBUG
2017-12-29 15:34:27,417 - __main__ - DEBUG - my debug = DEBUG 
2017-12-29 15:34:49,800 - __main__ - WARNING - WARNING
2017-12-29 15:34:49,800 - __main__ - WARNING - my info = WARNING
2017-12-29 15:34:49,800 - __main__ - INFO - info
2017-12-29 15:34:49,800 - __main__ - INFO - my verbose = INFO ...
2017-12-29 15:34:49,800 - __main__ - ERROR - error
2017-12-29 15:34:49,800 - __main__ - ERROR - my error = EEEEEE
2017-12-29 15:34:49,800 - __main__ - DEBUG - DEBUG
2017-12-29 15:34:49,800 - __main__ - DEBUG - my debug = DEBUG 
2017-12-29 15:35:00,435 - __main__ - WARNING - WARNING
2017-12-29 15:35:00,435 - __main__ - WARNING - my info = WARNING
2017-12-29 15:35:00,435 - __main__ - INFO - info
2017-12-29 15:35:00,435 - __main__ - INFO - my verbose = INFO ...
2017-12-29 15:35:00,435 - __main__ - ERROR - error
2017-12-29 15:35:00,435 - __main__ - ERROR - my error = EEEEEE
2017-12-29 15:35:00,435 - __main__ - DEBUG - DEBUG
2017-12-29 15:35:00,435 - __main__ - DEBUG - my debug = DEBUG 
2017-12-29 15:43:14,668 - __main__ - WARNING - my info = WARNING
2017-12-29 15:43:14,668 - __main__ - INFO - my verbose = INFO ...
2017-12-29 15:43:14,668 - __main__ - ERROR - my error = EEEEEE
2017-12-29 15:43:14,668 - __main__ - DEBUG - my debug = DEBUG 
2017-12-29 15:44:39,751 - __main__ - WARNING - my info = WARNING
2017-12-29 15:44:39,752 - __main__ - INFO - my verbose = INFO ...
2017-12-29 15:44:39,752 - __main__ - ERROR - my error = EEEEEE
2017-12-29 15:44:39,753 - __main__ - DEBUG - my debug = DEBUG 
2017-12-29 15:44:49,872 - __main__ - WARNING - my info = WARNING
2017-12-29 15:44:49,888 - __main__ - INFO - my verbose = INFO ...
2017-12-29 15:44:49,904 - __main__ - ERROR - my error = EEEEEE
2017-12-29 15:44:49,904 - __main__ - DEBUG - my debug = DEBUG 
